W0412 13:01:36.692705   416 gpu_resources.cc:61] Please NOTE: device: 0, GPU Compute Capability: 7.0, Driver API Version: 11.2, Runtime API Version: 11.2
W0412 13:01:36.696614   416 gpu_resources.cc:91] device: 0, cuDNN Version: 8.2.
Epoch 1, Loss: 3.827757609542459e-05
Epoch 2, Loss: 0.0007242051651701331
Epoch 3, Loss: 0.002838626503944397
Epoch 4, Loss: 0.0022480678744614124
Epoch 5, Loss: 0.0030300337821245193
Epoch 6, Loss: 0.0014453886542469263
Epoch 7, Loss: 0.0006389279733411968
Epoch 8, Loss: 0.0008421511738561094
Epoch 9, Loss: 0.0027942704036831856
Epoch 10, Loss: 0.0013499647611752152
Epoch 11, Loss: 0.0037449703086167574
Epoch 12, Loss: 0.0012668679701164365
Epoch 13, Loss: 0.0019131128210574389
Epoch 14, Loss: 0.002779575064778328
Epoch 15, Loss: 0.0014119395054876804
Epoch 16, Loss: 0.0012127798981964588
Epoch 17, Loss: 0.0021895081736147404
Epoch 18, Loss: 0.001569952815771103
Epoch 19, Loss: 0.002872311044484377
Epoch 20, Loss: 0.0007494557648897171
Epoch 21, Loss: 0.0029750559478998184
Epoch 22, Loss: 0.00311196013353765
Epoch 23, Loss: 0.002880420070141554
Epoch 24, Loss: 0.002984152641147375
Epoch 25, Loss: 0.002807606477290392
Epoch 26, Loss: 0.0027781520038843155
Epoch 27, Loss: 0.0027048687916249037
Epoch 28, Loss: 0.0026675593107938766
Epoch 29, Loss: 0.0024781315587460995
Epoch 30, Loss: 0.0024340813979506493
Epoch 31, Loss: 0.00230406760238111
Epoch 32, Loss: 0.0025487691164016724
Epoch 33, Loss: 0.002376324264332652
Epoch 34, Loss: 0.0022410107776522636
Epoch 35, Loss: 0.0020260950550436974
Epoch 36, Loss: 0.001376010593958199
Epoch 37, Loss: 0.0013791925739496946
Epoch 38, Loss: 0.000975746545009315
Epoch 39, Loss: 0.0008260381873697042
Epoch 40, Loss: 0.00082430150359869
Epoch 41, Loss: 0.0006548029487021267
Epoch 42, Loss: 0.0005799081409350038
Epoch 43, Loss: 0.00037551618879660964
Epoch 44, Loss: 0.0003147619718220085
Epoch 45, Loss: 0.00030287442496046424
Epoch 46, Loss: 0.00024781195679679513
Epoch 47, Loss: 0.00025098188780248165
Epoch 48, Loss: 0.00019578255887608975
Epoch 49, Loss: 0.0001634460932109505
Epoch 50, Loss: 0.00011275694851065055
Epoch 51, Loss: 8.271208207588643e-05
Epoch 52, Loss: 6.0772184951929376e-05
Epoch 53, Loss: 4.4144573621451855e-05
Epoch 54, Loss: 3.347761230543256e-05
Epoch 55, Loss: 2.4211578420363367e-05
Epoch 56, Loss: 1.6361474990844727e-05
Epoch 57, Loss: 9.010072972159833e-06
Epoch 58, Loss: 1.1667574653984047e-05
Epoch 59, Loss: 1.1955263289564755e-05
Epoch 60, Loss: 2.753279204625869e-06
Epoch 61, Loss: 3.9684036323706096e-07
Epoch 62, Loss: 4.456582246348262e-06
Epoch 63, Loss: 1.6593330656178296e-05
Epoch 64, Loss: 3.5393870348343626e-05
Epoch 65, Loss: 5.3842406487092376e-05
Epoch 66, Loss: 7.295121758943424e-05
Epoch 67, Loss: 6.854487583041191e-05
Epoch 68, Loss: 7.635286601725966e-05
Epoch 69, Loss: 8.907990559237078e-05
Epoch 70, Loss: 9.879544813884422e-05
Epoch 71, Loss: 9.510044765193015e-05
Epoch 72, Loss: 8.710775000508875e-05
Epoch 73, Loss: 7.324101170524955e-05
Epoch 74, Loss: 5.797839548904449e-05
Epoch 75, Loss: 4.124169936403632e-05
Epoch 76, Loss: 3.294721682323143e-05
Epoch 77, Loss: 3.924807606381364e-05
Epoch 78, Loss: 3.588333129300736e-05
Epoch 79, Loss: 2.9334050850593485e-05
Epoch 80, Loss: 2.373657116550021e-05
Epoch 81, Loss: 2.0659776055254042e-05
Epoch 82, Loss: 1.6394094927818514e-05
Epoch 83, Loss: 1.5117396287678275e-05
Epoch 84, Loss: 1.6772348317317665e-05
Epoch 85, Loss: 1.369545680063311e-05
Epoch 86, Loss: 1.3372343346418347e-05
Epoch 87, Loss: 1.0414357348054182e-05
Epoch 88, Loss: 1.0025021765613928e-05
Epoch 89, Loss: 9.472163583268411e-06
Epoch 90, Loss: 8.77722050063312e-06
Epoch 91, Loss: 1.0187764928559773e-05
Epoch 92, Loss: 5.360787326935679e-06
Epoch 93, Loss: 5.012131168768974e-06
Epoch 94, Loss: 1.6174079064512625e-05
Epoch 95, Loss: 1.758876896928996e-05
Epoch 96, Loss: 1.690231147222221e-05
Epoch 97, Loss: 1.6370206139981747e-05
Epoch 98, Loss: 2.5205650672432967e-05
Epoch 99, Loss: 4.893357618129812e-05
Epoch 100, Loss: 5.0588612793944776e-05
Model saved at epoch 100: saved_models/epoch_100_model.pdparams
Epoch 101, Loss: 5.683697236236185e-05
Epoch 102, Loss: 5.11362923134584e-05
Epoch 103, Loss: 4.88265541207511e-05
Epoch 104, Loss: 3.739589737961069e-05
Epoch 105, Loss: 1.719908686936833e-05
Epoch 106, Loss: 9.725850759423338e-06
Epoch 107, Loss: 5.091682396596298e-06
Epoch 108, Loss: 3.080552914980217e-07
Epoch 109, Loss: 7.128381184884347e-06
Epoch 110, Loss: 6.785094797123747e-07
Epoch 111, Loss: 3.1786368026587297e-07
Epoch 112, Loss: 3.244059826101875e-06
Epoch 113, Loss: 7.292995178431738e-06
Epoch 114, Loss: 6.418265456886729e-06
Epoch 115, Loss: 6.095585831644712e-06
Epoch 116, Loss: 4.094552423339337e-06
Epoch 117, Loss: 4.8841075113159604e-06
Epoch 118, Loss: 1.6034472309911507e-06
Epoch 119, Loss: 2.247418478873442e-06
Epoch 120, Loss: 9.052206223714165e-06
Epoch 121, Loss: 2.1312484932423104e-06
Epoch 122, Loss: 2.6315883587813005e-06
Epoch 123, Loss: 1.0119559874510742e-06
Epoch 124, Loss: 9.572320323059103e-07
Epoch 125, Loss: 9.254545147996396e-07
Epoch 126, Loss: 1.8844511942006648e-06
Epoch 127, Loss: 7.5280777309671976e-06
Epoch 128, Loss: 6.648685030086199e-06
Epoch 129, Loss: 1.556429560878314e-05
Epoch 130, Loss: 8.318200343637727e-06
Epoch 131, Loss: 1.931622864503879e-05
Epoch 132, Loss: 1.7358855984639376e-05
Epoch 133, Loss: 1.862110002548434e-05
Epoch 134, Loss: 1.8450118659529835e-05
Epoch 135, Loss: 2.25462754315231e-05
Epoch 136, Loss: 2.566345574450679e-05
Epoch 137, Loss: 4.3494281271705404e-05
Epoch 138, Loss: 3.068627847824246e-05
Epoch 139, Loss: 3.407799158594571e-05
Epoch 140, Loss: 2.091336136800237e-05
Epoch 141, Loss: 3.2467374694533646e-05
Epoch 142, Loss: 3.0995492124930024e-05
Epoch 143, Loss: 2.8159607609268278e-05
Epoch 144, Loss: 2.8494803700596094e-05
Epoch 145, Loss: 3.4779353882186115e-05
Epoch 146, Loss: 2.3727283405605704e-05
Epoch 147, Loss: 1.8794500647345558e-05
Epoch 148, Loss: 1.5251319382514339e-05
Epoch 149, Loss: 1.2590677215484902e-05
Epoch 150, Loss: 1.516539396106964e-05
Epoch 151, Loss: 7.888585969340056e-06
Epoch 152, Loss: 8.888806405593641e-06
Epoch 153, Loss: 1.3248234608909115e-05
Epoch 154, Loss: 4.576358151098248e-06
Epoch 155, Loss: 1.9696767594723497e-06
Epoch 156, Loss: 2.7153944301971933e-06
Epoch 157, Loss: 1.4162540082907071e-06
Epoch 158, Loss: 9.71849772213318e-07
Epoch 159, Loss: 2.44729903897678e-06
Epoch 160, Loss: 5.292803280099179e-07
Epoch 161, Loss: 6.562416388078418e-07
Epoch 162, Loss: 2.599844606265833e-07
Epoch 163, Loss: 3.187634547430207e-07
Epoch 164, Loss: 5.589635293290485e-06
Epoch 165, Loss: 5.580017386819236e-06
Epoch 166, Loss: 6.5628041738818865e-06
Epoch 167, Loss: 7.588197149743792e-06
Epoch 168, Loss: 4.611311396729434e-06
Epoch 169, Loss: 8.018262633413542e-06
Epoch 170, Loss: 9.312050679000095e-06
Epoch 171, Loss: 6.132057023933157e-06
Epoch 172, Loss: 6.7940991357318126e-06
Epoch 173, Loss: 1.156462894869037e-05
Epoch 174, Loss: 7.213321168819675e-06
Epoch 175, Loss: 1.073246676241979e-05
Epoch 176, Loss: 1.2756639989675023e-05
Epoch 177, Loss: 3.4803351809387095e-06
Epoch 178, Loss: 1.1461849680927116e-05
Epoch 179, Loss: 7.211997399281245e-06
Epoch 180, Loss: 1.1474587154225446e-05
Epoch 181, Loss: 3.878973984683398e-06
Epoch 182, Loss: 3.4681804663705407e-06
Epoch 183, Loss: 1.8737985101324739e-06
Epoch 184, Loss: 1.3883782230550423e-06
Epoch 185, Loss: 2.249375029350631e-06
Epoch 186, Loss: 1.3482482472682022e-06
Epoch 187, Loss: 1.2326613614277449e-06
Epoch 188, Loss: 5.383506959333317e-06
Epoch 189, Loss: 2.391602038187557e-06
Epoch 190, Loss: 6.719390512444079e-06
Epoch 191, Loss: 7.16674662726291e-07
Epoch 192, Loss: 3.975147137680324e-06
Epoch 193, Loss: 1.6842002423800295e-06
Epoch 194, Loss: 2.4286491679959e-06
Epoch 195, Loss: 2.514097559469519e-06
Epoch 196, Loss: 8.728209650143981e-06
Epoch 197, Loss: 4.725321105070179e-06
Epoch 198, Loss: 1.9748122213059105e-06
Epoch 199, Loss: 2.825204546752502e-06
Epoch 200, Loss: 1.8045209344563773e-06
Model saved at epoch 200: saved_models/epoch_200_model.pdparams
Epoch 201, Loss: 4.00767385144718e-06
Epoch 202, Loss: 4.640032784664072e-06
Epoch 203, Loss: 8.950279152486473e-06
Epoch 204, Loss: 5.414692623162409e-07
Epoch 205, Loss: 1.9288247585791396e-06
Epoch 206, Loss: 5.568568894886994e-07
Epoch 207, Loss: 2.6464608708920423e-06
Epoch 208, Loss: 2.466342630214058e-05
Epoch 209, Loss: 3.848454980470706e-06
Epoch 210, Loss: 2.1554416889557615e-05
Epoch 211, Loss: 4.195318069832865e-06
Epoch 212, Loss: 4.7208251885422214e-07
Epoch 213, Loss: 7.235398697957862e-06
Epoch 214, Loss: 4.223912128509255e-06
Epoch 215, Loss: 6.725377261318499e-06
Epoch 216, Loss: 3.15579598009208e-07
Epoch 217, Loss: 2.5094541342696175e-06
Epoch 218, Loss: 1.09626507764915e-05
Epoch 219, Loss: 4.649957645597169e-06
Epoch 220, Loss: 2.551989382482134e-06
Epoch 221, Loss: 2.5253123112634057e-06
Epoch 222, Loss: 9.963592674466781e-06
Epoch 223, Loss: 1.94240897144482e-06
Epoch 224, Loss: 2.730288997554453e-06
Epoch 225, Loss: 4.715582690550946e-06
Epoch 226, Loss: 5.276671117826481e-07
Epoch 227, Loss: 1.4137462130747736e-05
Epoch 228, Loss: 1.4543681572831701e-05
Epoch 229, Loss: 4.286235343897715e-05
Epoch 230, Loss: 2.5659861421445385e-05
Epoch 231, Loss: 1.5797573723830283e-05
Epoch 232, Loss: 3.619870403781533e-05
Epoch 233, Loss: 1.0626846233208198e-05
Epoch 234, Loss: 6.1449413806258235e-06
Epoch 235, Loss: 1.5171600352914538e-05
Epoch 236, Loss: 3.5571545140555827e-06
Epoch 237, Loss: 4.381789040053263e-06
Epoch 238, Loss: 1.1432519386289641e-05
Epoch 239, Loss: 5.230177748671849e-07
Epoch 240, Loss: 2.3783981305314228e-05
Epoch 241, Loss: 1.449161004529742e-06
Epoch 242, Loss: 2.3007800336927176e-05
Epoch 243, Loss: 4.701928446593229e-06
Epoch 244, Loss: 3.994396138295997e-06
Epoch 245, Loss: 5.582843368756585e-05
Epoch 246, Loss: 1.0156051757803652e-05
Epoch 247, Loss: 2.1234327505226247e-06
Epoch 248, Loss: 1.3577406207332388e-05
Epoch 249, Loss: 7.90470130596077e-06
Epoch 250, Loss: 6.555303571076365e-06
Epoch 251, Loss: 2.0897829017485492e-05
Epoch 252, Loss: 2.7052665245719254e-05
Epoch 253, Loss: 1.3482409485732205e-05
Epoch 254, Loss: 6.783418939448893e-06
Epoch 255, Loss: 3.1182676138996612e-06
Epoch 256, Loss: 1.3194746316003148e-05
Epoch 257, Loss: 3.4140700790885603e-06
Epoch 258, Loss: 1.6462487110402435e-05
Epoch 259, Loss: 7.41879648558097e-06
Epoch 260, Loss: 1.7231895981240086e-06
Epoch 261, Loss: 2.8823025786550716e-05
Epoch 262, Loss: 2.767256592051126e-05
Epoch 263, Loss: 6.631625001318753e-05
Epoch 264, Loss: 8.057027116592508e-06
Epoch 265, Loss: 1.563464684295468e-05
Epoch 266, Loss: 3.598197508836165e-06
Epoch 267, Loss: 9.080535164684989e-06
Epoch 268, Loss: 2.4003064027056098e-05
Epoch 269, Loss: 5.7933728385251015e-05
Epoch 270, Loss: 1.365075513604097e-05
Epoch 271, Loss: 1.3513316844182555e-05
Epoch 272, Loss: 6.575855877599679e-06
Epoch 273, Loss: 1.3622198821394704e-05
Epoch 274, Loss: 4.0221348172053695e-06
Epoch 275, Loss: 1.2277215319045354e-05
Epoch 276, Loss: 3.6717287912324537e-06
Epoch 277, Loss: 5.734363639930962e-06
Epoch 278, Loss: 8.979242920759134e-06
Epoch 279, Loss: 1.2330245226621628e-05
Epoch 280, Loss: 2.237495755252894e-05
Epoch 281, Loss: 1.8018630726146512e-05
Epoch 282, Loss: 4.062274911120767e-06
Epoch 283, Loss: 1.029318264045287e-05
Epoch 284, Loss: 2.721936471061781e-05
Epoch 285, Loss: 9.21235914574936e-06
Epoch 286, Loss: 6.962114184716484e-06
Epoch 287, Loss: 2.006281283684075e-05
Epoch 288, Loss: 1.0254260814690497e-05
Epoch 289, Loss: 1.5988069208106026e-05
Epoch 290, Loss: 1.1881827958859503e-05
Epoch 291, Loss: 1.8534443370299414e-05
Epoch 292, Loss: 1.8235503375763074e-05
Epoch 293, Loss: 1.3368804502533749e-05
Epoch 294, Loss: 1.9208491721656173e-05
Epoch 295, Loss: 2.3672866518609226e-05
Epoch 296, Loss: 1.7548341929796152e-05
Epoch 297, Loss: 1.135007642005803e-05
Epoch 298, Loss: 5.1664942475326825e-06
Epoch 299, Loss: 2.2477512175100856e-05
Epoch 300, Loss: 1.5777794033056125e-05
Model saved at epoch 300: saved_models/epoch_300_model.pdparams
Epoch 301, Loss: 5.257969860394951e-06
Epoch 302, Loss: 1.2420570101312478e-06
Epoch 303, Loss: 1.4577596630260814e-05
Epoch 304, Loss: 8.002703907550313e-06
Epoch 305, Loss: 1.8032627849606797e-05
Epoch 306, Loss: 3.3374915346939815e-06
Epoch 307, Loss: 1.1365294994902797e-05
Epoch 308, Loss: 2.901494326579268e-06
Epoch 309, Loss: 7.6252508733887225e-06
Epoch 310, Loss: 7.964180213093641e-07
Epoch 311, Loss: 3.0806133963778848e-06
Epoch 312, Loss: 2.0265292732801754e-06
Epoch 313, Loss: 1.5127905498957261e-05
Epoch 314, Loss: 7.365141937043518e-05
Epoch 315, Loss: 6.9709299168607686e-06
Epoch 316, Loss: 6.52131529932376e-06
Epoch 317, Loss: 8.459825039608404e-06
Epoch 318, Loss: 5.533818807634816e-07
Epoch 319, Loss: 1.9060614704358159e-06
Epoch 320, Loss: 2.607730948511744e-06
Epoch 321, Loss: 1.4120535070105689e-06
Epoch 322, Loss: 4.9010059228749014e-06
Epoch 323, Loss: 5.231057002674788e-06
Epoch 324, Loss: 1.126457573263906e-05
Epoch 325, Loss: 2.2427899239119142e-05
Epoch 326, Loss: 1.0577316970739048e-05
Epoch 327, Loss: 6.234083230083343e-06
Epoch 328, Loss: 9.49160494201351e-06
Epoch 329, Loss: 2.704331564018503e-06
Epoch 330, Loss: 3.3380995319021167e-06
Epoch 331, Loss: 9.93672711047111e-06
Epoch 332, Loss: 2.2151998564368114e-06
Epoch 333, Loss: 2.9316915970412083e-06
Epoch 334, Loss: 8.414631338382605e-06
Epoch 335, Loss: 3.815662694250932e-06
Epoch 336, Loss: 1.7295587895205244e-06
Epoch 337, Loss: 1.3768305507255718e-05
Epoch 338, Loss: 3.536509893820039e-06
Epoch 339, Loss: 8.901129149307963e-07
Epoch 340, Loss: 2.0394777493493166e-06
Epoch 341, Loss: 2.4780274543445557e-06
Epoch 342, Loss: 1.5475452528335154e-05
Epoch 343, Loss: 1.2912289093947038e-05
Epoch 344, Loss: 7.333697340072831e-06
Epoch 345, Loss: 3.6932763123331824e-06
Epoch 346, Loss: 1.028222595778061e-05
Epoch 347, Loss: 6.291093086474575e-06
Epoch 348, Loss: 1.3708269761991687e-05
Epoch 349, Loss: 1.4004313925397582e-05
Epoch 350, Loss: 6.302950168901589e-06
Epoch 351, Loss: 1.6977815903373994e-05
Epoch 352, Loss: 3.4535653412604006e-06
Epoch 353, Loss: 6.788353402953362e-06
Epoch 354, Loss: 7.142417416616809e-06
Epoch 355, Loss: 1.505219279351877e-05
Epoch 356, Loss: 6.298952939687297e-06
Epoch 357, Loss: 1.753511060087476e-05
Epoch 358, Loss: 6.321652563201496e-06
Epoch 359, Loss: 1.4528431165672373e-05
Epoch 360, Loss: 3.0264814085967373e-06
Epoch 361, Loss: 8.15088969829958e-06
Epoch 362, Loss: 8.060026630118955e-06
Epoch 363, Loss: 8.682683983352035e-06
Epoch 364, Loss: 1.7155649402411655e-05
Epoch 365, Loss: 2.0832332666032016e-05
Epoch 366, Loss: 1.1116251698695123e-05
Epoch 367, Loss: 4.024090685561532e-06
Epoch 368, Loss: 1.8686603652895428e-05
Epoch 369, Loss: 1.1258252925472334e-05
Epoch 370, Loss: 4.096345946891233e-06
Epoch 371, Loss: 7.739935426798183e-06
Epoch 372, Loss: 1.337201683782041e-05
Epoch 373, Loss: 6.714375103911152e-06
Epoch 374, Loss: 3.601676098696771e-06
Epoch 375, Loss: 1.1056875337089878e-05
Epoch 376, Loss: 1.211945891554933e-05
Epoch 377, Loss: 6.148984084575204e-06
Epoch 378, Loss: 6.983468665566761e-06
Epoch 379, Loss: 1.0902356734732166e-05
Epoch 380, Loss: 9.048975698533468e-06
Epoch 381, Loss: 6.93215361025068e-06
Epoch 382, Loss: 3.0135638553474564e-06
Epoch 383, Loss: 1.1038272532459814e-05
Epoch 384, Loss: 3.933202606276609e-06
Epoch 385, Loss: 5.925117875449359e-06
Epoch 386, Loss: 3.2870075301616453e-06
Epoch 387, Loss: 5.836534455738729e-06
Epoch 388, Loss: 4.996022653358523e-06
Epoch 389, Loss: 8.855528903950471e-06
Epoch 390, Loss: 1.0721451872086618e-05
Epoch 391, Loss: 1.1474743587314151e-05
Epoch 392, Loss: 3.698963155329693e-06
Epoch 393, Loss: 3.826395186479203e-06
Epoch 394, Loss: 1.116713337978581e-05
Epoch 395, Loss: 6.182175638969056e-06
Epoch 396, Loss: 3.291399707450182e-06
Epoch 397, Loss: 1.0409603419248015e-05
Epoch 398, Loss: 3.3819892450992484e-06
Epoch 399, Loss: 3.817007836914854e-06
Epoch 400, Loss: 4.286530838726321e-06
Model saved at epoch 400: saved_models/epoch_400_model.pdparams
Epoch 401, Loss: 1.5985828213160858e-05
Epoch 402, Loss: 2.2876645289215958e-06
Epoch 403, Loss: 8.349502422788646e-06
Epoch 404, Loss: 4.117868229513988e-06
Epoch 405, Loss: 5.057787348050624e-06
Epoch 406, Loss: 9.26756729313638e-06
Epoch 407, Loss: 1.5715352219558554e-06
Epoch 408, Loss: 1.965734099940164e-06
Epoch 409, Loss: 8.201490686587931e-07
Epoch 410, Loss: 8.091092240647413e-06
Epoch 411, Loss: 3.126525143670733e-06
Epoch 412, Loss: 7.493829798477236e-06
Epoch 413, Loss: 4.203775006317301e-06
Epoch 414, Loss: 2.245032646897016e-06
Epoch 415, Loss: 5.436721949081402e-06
Epoch 416, Loss: 4.200156581646297e-06
Epoch 417, Loss: 4.901268766843714e-06
Epoch 418, Loss: 9.6678502359282e-07
Epoch 419, Loss: 3.228674358979333e-06
Epoch 420, Loss: 2.7568135010369588e-06
Epoch 421, Loss: 2.5594572434783913e-06
Epoch 422, Loss: 1.4131092029856518e-06
Epoch 423, Loss: 1.4219234572010464e-06
Epoch 424, Loss: 2.794559350149939e-06
Epoch 425, Loss: 3.3172427720273845e-06
Epoch 426, Loss: 7.9016899690032e-06
Epoch 427, Loss: 2.7288133424008265e-06
Epoch 428, Loss: 2.3793552372808335e-06
Epoch 429, Loss: 3.282862962805666e-06
Epoch 430, Loss: 8.054887530306587e-07
Epoch 431, Loss: 4.115828232897911e-06
Epoch 432, Loss: 4.079272912349552e-06
Epoch 433, Loss: 5.569766472035553e-06
Epoch 434, Loss: 1.6210796047744225e-06
Epoch 435, Loss: 4.1421903915761504e-06
Epoch 436, Loss: 1.067461653292412e-06
Epoch 437, Loss: 3.1179210964182857e-06
Epoch 438, Loss: 3.0147195957397344e-06
Epoch 439, Loss: 3.212084266124293e-06
Epoch 440, Loss: 1.2775708455592394e-05
Epoch 441, Loss: 4.792304935108405e-06
Epoch 442, Loss: 4.136486040806631e-06
Epoch 443, Loss: 1.3331781474335003e-06
Epoch 444, Loss: 1.7556110378791345e-06
Epoch 445, Loss: 1.545566419736133e-06
Epoch 446, Loss: 2.03056629288767e-06
Epoch 447, Loss: 3.049349743378116e-06
Epoch 448, Loss: 1.088215981326357e-06
Epoch 449, Loss: 5.6653248066140804e-06
Epoch 450, Loss: 2.9495834041881608e-06
Epoch 451, Loss: 2.2885724320076406e-06
Epoch 452, Loss: 2.4028536245168652e-06
Epoch 453, Loss: 1.1214550568183768e-06
Epoch 454, Loss: 2.639999593156972e-06
Epoch 455, Loss: 8.057155582719133e-07
Epoch 456, Loss: 6.028625648468733e-06
Epoch 457, Loss: 3.551669806256541e-06
Epoch 458, Loss: 4.058833837916609e-06
Epoch 459, Loss: 6.892664714541752e-06
Epoch 460, Loss: 2.7000141926691867e-06
Epoch 461, Loss: 1.554068944642495e-06
Epoch 462, Loss: 2.0914712877129205e-06
Epoch 463, Loss: 4.195898327452596e-06
Epoch 464, Loss: 1.0469553899383754e-06
Epoch 465, Loss: 1.1521098031153088e-06
Epoch 466, Loss: 1.788787358236732e-06
Epoch 467, Loss: 3.2226862458628602e-06
Epoch 468, Loss: 1.3339212046048488e-06
Epoch 469, Loss: 2.5908939278451726e-06
Epoch 470, Loss: 1.7689194464765023e-06
Epoch 471, Loss: 3.2230946089839563e-06
Epoch 472, Loss: 1.4695085610583192e-06
Epoch 473, Loss: 3.6994147194491234e-06
Epoch 474, Loss: 3.0795101793046342e-06
Epoch 475, Loss: 1.3188650882511865e-06
Epoch 476, Loss: 9.504476565780351e-07
Epoch 477, Loss: 6.200283223734004e-06
Epoch 478, Loss: 6.291509748734825e-07
Epoch 479, Loss: 4.178503331786487e-06
Epoch 480, Loss: 4.800231181434356e-07
Epoch 481, Loss: 3.196200850652531e-06
Epoch 482, Loss: 1.4149238722893642e-06
Epoch 483, Loss: 3.5793038932752097e-06
Epoch 484, Loss: 2.3696709376963554e-06
Epoch 485, Loss: 6.649506190115062e-07
Epoch 486, Loss: 3.148648829665035e-06
Epoch 487, Loss: 5.4008614824851975e-06
Epoch 488, Loss: 2.750652129179798e-06
Epoch 489, Loss: 2.496945171515108e-06
Epoch 490, Loss: 2.5571023343218258e-06
Epoch 491, Loss: 7.913591844044277e-07
Epoch 492, Loss: 2.4900637072278187e-06
Epoch 493, Loss: 2.08256551559316e-06
Epoch 494, Loss: 2.4019063857849687e-06
Epoch 495, Loss: 1.6813742149679456e-06
Epoch 496, Loss: 1.820373199734604e-06
Epoch 497, Loss: 1.7397175042788149e-06
Epoch 498, Loss: 2.2058197828300763e-06
Epoch 499, Loss: 4.127585725655081e-06
Epoch 500, Loss: 8.734964467294049e-07
Model saved at epoch 500: saved_models/epoch_500_model.pdparams
Epoch 501, Loss: 1.3702888281841297e-06
Epoch 502, Loss: 1.517551027063746e-06
Epoch 503, Loss: 2.5988128982135095e-06
Epoch 504, Loss: 2.3942538973642513e-05
Epoch 505, Loss: 4.243889293320535e-07
Epoch 506, Loss: 2.8323665901552886e-06
Epoch 507, Loss: 4.02818341171951e-06
Epoch 508, Loss: 1.1590352187340613e-05
Epoch 509, Loss: 1.761364160302037e-06
Epoch 510, Loss: 5.377857632993255e-06
Epoch 511, Loss: 1.744160272210138e-06
Epoch 512, Loss: 5.024716301704757e-06
Epoch 513, Loss: 9.739928827912081e-06
Epoch 514, Loss: 2.9228585844975896e-06
Epoch 515, Loss: 6.388808742485708e-06
Epoch 516, Loss: 1.1571330560400384e-06
Epoch 517, Loss: 6.252630100789247e-06
Epoch 518, Loss: 1.3797964584227884e-06
Epoch 519, Loss: 1.695691025815904e-05
Epoch 520, Loss: 1.8941169400932267e-05
Epoch 521, Loss: 1.7059880974557018e-06
Epoch 522, Loss: 8.713896022527479e-06
Epoch 523, Loss: 5.495729055837728e-06
Epoch 524, Loss: 5.364491926229675e-07
Epoch 525, Loss: 2.534279019528185e-06
Epoch 526, Loss: 1.2449866062524961e-06
Epoch 527, Loss: 2.4632809072500095e-06
Epoch 528, Loss: 3.824833584076259e-06
Epoch 529, Loss: 1.2976468497072347e-05
Epoch 530, Loss: 1.6307537862303434e-06
Epoch 531, Loss: 1.5222235560941044e-05
Epoch 532, Loss: 1.2768814485752955e-05
Epoch 533, Loss: 5.286069608700927e-06
Epoch 534, Loss: 3.416748313611606e-06
Epoch 535, Loss: 2.0882650915154954e-06
Epoch 536, Loss: 1.490989416197408e-05
Epoch 537, Loss: 4.030044237879338e-06
Epoch 538, Loss: 6.782122454751516e-06
Epoch 539, Loss: 5.904489171371097e-06
Epoch 540, Loss: 2.92807590085431e-06
Epoch 541, Loss: 2.0984648472222034e-06
Epoch 542, Loss: 8.188182619051076e-06
Epoch 543, Loss: 2.712125024117995e-06
Epoch 544, Loss: 5.0514587201178074e-05
Epoch 545, Loss: 1.197179926748504e-06
Epoch 546, Loss: 2.3151620553107932e-05
Epoch 547, Loss: 2.194102489738725e-05
Epoch 548, Loss: 6.828958248661365e-06
Epoch 549, Loss: 2.3042448447085917e-06
Epoch 550, Loss: 1.9266431081632618e-06
Epoch 551, Loss: 6.430005214497214e-06
Epoch 552, Loss: 6.552852573804557e-05
Epoch 553, Loss: 7.019538315944374e-06
Epoch 554, Loss: 2.034163844655268e-05
Epoch 555, Loss: 1.4518122952722479e-05
Epoch 556, Loss: 5.028778559790226e-06
Epoch 557, Loss: 2.8811964511987753e-06
Epoch 558, Loss: 6.917994141986128e-06
Epoch 559, Loss: 3.898292561643757e-05
Epoch 560, Loss: 2.1614032448269427e-06
Epoch 561, Loss: 3.1645249691791832e-06
Epoch 562, Loss: 1.6389582015108317e-05
Epoch 563, Loss: 7.36967285774881e-06
Epoch 564, Loss: 3.5885776014765725e-05
Epoch 565, Loss: 1.5787694792379625e-05
Epoch 566, Loss: 1.4538544746756088e-05
Epoch 567, Loss: 4.0331513446290046e-05
Epoch 568, Loss: 2.7128968213219196e-05
Epoch 569, Loss: 6.0553502407856286e-05
Epoch 570, Loss: 3.925638520740904e-05
Epoch 571, Loss: 2.559062522777822e-06
Epoch 572, Loss: 2.4661894713062793e-06
Epoch 573, Loss: 4.994244591216557e-06
Epoch 574, Loss: 5.80622736379155e-06
Epoch 575, Loss: 5.830068857903825e-06
Epoch 576, Loss: 4.945438377035316e-06
Epoch 577, Loss: 1.3296893484948669e-05
Epoch 578, Loss: 7.436530268023489e-06
Epoch 579, Loss: 1.7865437257569283e-05
Epoch 580, Loss: 3.087373625021428e-05
Epoch 581, Loss: 5.914662324357778e-05
Epoch 582, Loss: 2.0463239707169123e-05
Epoch 583, Loss: 2.305170346517116e-05
Epoch 584, Loss: 1.6000569303287193e-05
Epoch 585, Loss: 1.6110867363750003e-05
Epoch 586, Loss: 5.220224556978792e-05
Epoch 587, Loss: 3.127918898826465e-05
Epoch 588, Loss: 5.3727562772110105e-05
Epoch 589, Loss: 1.0866595403058454e-05
Epoch 590, Loss: 4.448434629011899e-05
Epoch 591, Loss: 1.9592916942201555e-05
Epoch 592, Loss: 7.403870404232293e-05
Epoch 593, Loss: 1.9340475773788057e-05
Epoch 594, Loss: 4.779562004841864e-06
Epoch 595, Loss: 5.223090738581959e-06
Epoch 596, Loss: 1.3288805348565802e-05
Epoch 597, Loss: 8.138821385728079e-07
Epoch 598, Loss: 1.1157860171806533e-05
Epoch 599, Loss: 1.4752668903383892e-05
Epoch 600, Loss: 3.162345819873735e-05
Model saved at epoch 600: saved_models/epoch_600_model.pdparams
Epoch 601, Loss: 8.863586117513478e-06
Epoch 602, Loss: 1.167903064924758e-05
Epoch 603, Loss: 1.0484072845429182e-05
Epoch 604, Loss: 7.865555744501762e-06
Epoch 605, Loss: 2.503731411707122e-05
Epoch 606, Loss: 2.084841253235936e-05
Epoch 607, Loss: 1.217979661305435e-05
Epoch 608, Loss: 1.7890781691676239e-06
Epoch 609, Loss: 6.053024662833195e-06
Epoch 610, Loss: 1.317457986260706e-06
Epoch 611, Loss: 1.0917231520579662e-05
Epoch 612, Loss: 2.671463334991131e-06
Epoch 613, Loss: 2.0509516616584733e-05
Epoch 614, Loss: 2.060239239654038e-06
Epoch 615, Loss: 3.3816131690400653e-06
Epoch 616, Loss: 3.5788425520877354e-06
Epoch 617, Loss: 5.9972859162371606e-05
Epoch 618, Loss: 3.0101109587121755e-05
Epoch 619, Loss: 1.0044222108263057e-05
Epoch 620, Loss: 3.7678139506169828e-06
Epoch 621, Loss: 1.9515151507221162e-05
Epoch 622, Loss: 1.1780804015870672e-05
Epoch 623, Loss: 2.0369898265926167e-06
Epoch 624, Loss: 1.2948203220730647e-05
Epoch 625, Loss: 2.4962688257801346e-05
Epoch 626, Loss: 7.530245966336224e-06
Epoch 627, Loss: 3.200003266101703e-05
Epoch 628, Loss: 2.5896883016685024e-05
Epoch 629, Loss: 1.1670148523990065e-05
Epoch 630, Loss: 1.992037687159609e-05
Epoch 631, Loss: 5.448305728350533e-06
Epoch 632, Loss: 7.805507266311906e-06
Epoch 633, Loss: 1.3027011846133973e-05
Epoch 634, Loss: 8.007035830814857e-06
Epoch 635, Loss: 9.764492006070213e-07
Epoch 636, Loss: 4.7214747610269114e-05
Epoch 637, Loss: 8.684047315909993e-06
Epoch 638, Loss: 3.4755685192067176e-05
Epoch 639, Loss: 3.0179980967659503e-06
Epoch 640, Loss: 1.2581717783177737e-05
Epoch 641, Loss: 8.65654965309659e-06
Epoch 642, Loss: 6.288478289206978e-06
Epoch 643, Loss: 1.8152644770452753e-05
Epoch 644, Loss: 1.2900316050945548e-06
Epoch 645, Loss: 1.622012177904253e-06
Epoch 646, Loss: 1.07435007521417e-05
Epoch 647, Loss: 1.7642788634475437e-06
Epoch 648, Loss: 1.7335369193460792e-05
Epoch 649, Loss: 6.884833965159487e-06
Epoch 650, Loss: 1.4524578546115663e-05
Epoch 651, Loss: 1.0254587323288433e-05
Epoch 652, Loss: 2.216371740360046e-06
Epoch 653, Loss: 1.0446134183439426e-05
Epoch 654, Loss: 1.4705095964018255e-05
Epoch 655, Loss: 1.629250982659869e-05
Epoch 656, Loss: 1.6339827197953127e-05
Epoch 657, Loss: 1.306018475588644e-06
Epoch 658, Loss: 5.0081398512702435e-05
Epoch 659, Loss: 3.743930938071571e-05
Epoch 660, Loss: 1.2193020666018128e-05
Epoch 661, Loss: 3.062572068301961e-05
Epoch 662, Loss: 3.5192602808820084e-05
Epoch 663, Loss: 2.8602395104826428e-05
Epoch 664, Loss: 1.2476726624299772e-05
Epoch 665, Loss: 1.1249670023971703e-05
Epoch 666, Loss: 1.502033592259977e-05
Epoch 667, Loss: 1.0163292245124467e-05
Epoch 668, Loss: 5.250989488558844e-05
Epoch 669, Loss: 2.925786975538358e-05
Epoch 670, Loss: 6.138009484857321e-05
Epoch 671, Loss: 8.936354424804449e-05
Epoch 672, Loss: 6.290173769230023e-05
Epoch 673, Loss: 6.48665736662224e-05
Epoch 674, Loss: 4.997498035663739e-05
Epoch 675, Loss: 6.738788215443492e-05
Epoch 676, Loss: 3.17150515911635e-05
Epoch 677, Loss: 6.27925055596279e-06
Epoch 678, Loss: 5.0580707465996966e-05
Epoch 679, Loss: 2.1691124857170507e-05
Epoch 680, Loss: 5.8176941820420325e-05
Epoch 681, Loss: 3.8370239053620026e-05
Epoch 682, Loss: 4.597149381879717e-05
Epoch 683, Loss: 5.326454993337393e-05
Epoch 684, Loss: 0.0006471170345321298
Epoch 685, Loss: 5.6110755394911394e-05
Epoch 686, Loss: 7.5696934800362214e-06
Epoch 687, Loss: 3.0085195703577483e-06
Epoch 688, Loss: 2.9583983632619493e-05
Epoch 689, Loss: 9.373375178256538e-06
Epoch 690, Loss: 1.617179805180058e-05
Epoch 691, Loss: 8.877344953361899e-06
Epoch 692, Loss: 0.00040018127765506506
Epoch 693, Loss: 0.0005637685535475612
Epoch 694, Loss: 6.776537338737398e-05
Epoch 695, Loss: 0.0004584566631820053
Epoch 696, Loss: 0.0003406773612368852
Epoch 697, Loss: 7.595781789859757e-05
Epoch 698, Loss: 0.0010027906391769648
Epoch 699, Loss: 0.0005753111327067018
Epoch 700, Loss: 4.558908403851092e-05
Model saved at epoch 700: saved_models/epoch_700_model.pdparams
Epoch 701, Loss: 0.0003431030490901321
Epoch 702, Loss: 0.00019700209668371826
Epoch 703, Loss: 0.000336185417836532
Epoch 704, Loss: 0.0006831749342381954
Epoch 705, Loss: 0.00044121642713434994
Epoch 706, Loss: 0.00034759656409733
Epoch 707, Loss: 0.0002871788456104696
Epoch 708, Loss: 0.00034582181251607835
Epoch 709, Loss: 0.00043533724965527654
Epoch 710, Loss: 0.0002394156326772645
Epoch 711, Loss: 0.000566218513995409
Epoch 712, Loss: 0.0004423404752742499
Epoch 713, Loss: 9.809681068873033e-05
Epoch 714, Loss: 3.1879430935077835e-06
Epoch 715, Loss: 8.995188181870617e-06
Epoch 716, Loss: 1.6414167021139292e-06
Epoch 717, Loss: 3.69623239748762e-06
Epoch 718, Loss: 1.892048749141395e-05
Epoch 719, Loss: 1.5168814115895657e-06
Epoch 720, Loss: 2.9983209969941527e-05
Epoch 721, Loss: 1.7587059119250625e-05
Epoch 722, Loss: 8.140077625284903e-06
Epoch 723, Loss: 1.7535769075038843e-05
Epoch 724, Loss: 5.442373367259279e-05
Epoch 725, Loss: 3.108735108980909e-05
Epoch 726, Loss: 3.848001597361872e-06
Epoch 727, Loss: 1.5201759197225329e-05
Epoch 728, Loss: 1.0663645753083983e-06
Epoch 729, Loss: 1.0735504929471062e-06
Epoch 730, Loss: 2.0990613847970963e-05
Epoch 731, Loss: 1.2443438208720181e-06
Epoch 732, Loss: 3.5956702049588785e-05
Epoch 733, Loss: 5.422400136012584e-05
Epoch 734, Loss: 7.863303471822292e-05
Epoch 735, Loss: 8.383714884985238e-05
Epoch 736, Loss: 7.606624421896413e-06
Epoch 737, Loss: 1.5981562683009543e-05
Epoch 738, Loss: 4.44318211521022e-05
Epoch 739, Loss: 1.1858153811772354e-05
Epoch 740, Loss: 7.208363967947662e-05
Epoch 741, Loss: 3.742256740224548e-05
Epoch 742, Loss: 2.0932251572958194e-05
Epoch 743, Loss: 2.310646596015431e-05
Epoch 744, Loss: 4.2383791878819466e-05
Epoch 745, Loss: 2.3182587028713897e-05
Epoch 746, Loss: 1.1357094990671612e-05
Epoch 747, Loss: 3.0910356144886464e-05
Epoch 748, Loss: 2.1860239939996973e-05
Epoch 749, Loss: 1.3531880540540442e-05
Epoch 750, Loss: 3.993580321548507e-06
Epoch 751, Loss: 2.597773345769383e-06
Epoch 752, Loss: 1.7838183339335956e-06
Epoch 753, Loss: 2.468001184752211e-06
Epoch 754, Loss: 3.5417940580373397e-06
Epoch 755, Loss: 2.88134242509841e-06
Epoch 756, Loss: 1.846271516114939e-06
Epoch 757, Loss: 1.8735157937044278e-05
Epoch 758, Loss: 9.867497283266857e-06
Epoch 759, Loss: 7.247835583257256e-06
Epoch 760, Loss: 1.6118949133669958e-05
Epoch 761, Loss: 1.7351976566715166e-05
Epoch 762, Loss: 1.396016273247369e-06
Epoch 763, Loss: 1.76430639839964e-05
Epoch 764, Loss: 1.080395213648444e-05
Epoch 765, Loss: 3.6666294818132883e-06
Epoch 766, Loss: 1.315894587605726e-05
Epoch 767, Loss: 2.0559589302138193e-06
Epoch 768, Loss: 2.77172675851034e-05
Epoch 769, Loss: 3.937640940421261e-06
Epoch 770, Loss: 4.180621999694267e-06
Epoch 771, Loss: 3.4207371299999068e-06
Epoch 772, Loss: 1.8583526980364695e-05
Epoch 773, Loss: 1.7801323338062502e-05
Epoch 774, Loss: 1.561394310556352e-05
Epoch 775, Loss: 1.9583450921345502e-05
Epoch 776, Loss: 1.1556612662388943e-06
Epoch 777, Loss: 3.7221757338556927e-06
Epoch 778, Loss: 2.0095658328500576e-06
Epoch 779, Loss: 2.0820596091652988e-06
Epoch 780, Loss: 1.2377427992760204e-05
Epoch 781, Loss: 1.0054562153527513e-05
Epoch 782, Loss: 1.0065279639093205e-05
Epoch 783, Loss: 2.651549493748462e-06
Epoch 784, Loss: 5.8083505791728385e-06
Epoch 785, Loss: 9.623755431675818e-06
Epoch 786, Loss: 6.084866527089616e-06
Epoch 787, Loss: 1.396607422066154e-05
Epoch 788, Loss: 1.2356673323665746e-05
Epoch 789, Loss: 2.6338045699958457e-06
Epoch 790, Loss: 5.3152839427639265e-06
Epoch 791, Loss: 1.2086828064639121e-05
Epoch 792, Loss: 5.38854055776028e-06
Epoch 793, Loss: 3.4320992199354805e-06
Epoch 794, Loss: 2.7691021386999637e-06
Epoch 795, Loss: 2.831559413607465e-06
Epoch 796, Loss: 3.062385985685978e-06
Epoch 797, Loss: 1.0080067340823007e-06
Epoch 798, Loss: 3.762275355256861e-06
Epoch 799, Loss: 2.3171001885202713e-05
Epoch 800, Loss: 2.32931379287038e-05
Model saved at epoch 800: saved_models/epoch_800_model.pdparams
Epoch 801, Loss: 2.4273253075079992e-05
Epoch 802, Loss: 3.8080625017755665e-06
Epoch 803, Loss: 2.480304829077795e-06
Epoch 804, Loss: 1.1561736528165056e-06
Epoch 805, Loss: 1.97998288058443e-05
Epoch 806, Loss: 9.08611468730669e-07
Epoch 807, Loss: 3.6863161767541897e-06
Epoch 808, Loss: 1.0642299457686022e-05
Epoch 809, Loss: 8.203720426536165e-06
Epoch 810, Loss: 1.6495851014042273e-05
Epoch 811, Loss: 8.95750054041855e-06
Epoch 812, Loss: 2.7558417059481144e-06
Epoch 813, Loss: 1.7645872503635474e-05
Epoch 814, Loss: 2.4471370124956593e-05
Epoch 815, Loss: 1.1975917914242018e-05
Epoch 816, Loss: 2.924214641097933e-05
Epoch 817, Loss: 1.4700443898618687e-05
Epoch 818, Loss: 1.748927570588421e-05
Epoch 819, Loss: 2.1840774024894927e-06
Epoch 820, Loss: 1.658545261307154e-05
Epoch 821, Loss: 4.00407770939637e-05
Epoch 822, Loss: 2.5147332053165883e-05
Epoch 823, Loss: 1.2411633178999182e-05
Epoch 824, Loss: 7.398988600471057e-06
Epoch 825, Loss: 8.754614100325853e-06
Epoch 826, Loss: 6.8887452471244615e-06
Epoch 827, Loss: 1.8519433069741353e-05
Epoch 828, Loss: 2.3828419216442853e-05
Epoch 829, Loss: 1.4733658645127434e-05
Epoch 830, Loss: 3.0030419111426454e-06
Epoch 831, Loss: 1.0057819054054562e-05
Epoch 832, Loss: 2.4149550881702453e-05
Epoch 833, Loss: 4.5444598072208464e-05
Epoch 834, Loss: 2.155308538931422e-05
Epoch 835, Loss: 2.950845919258427e-05
Epoch 836, Loss: 1.7049933376256377e-05
Epoch 837, Loss: 1.071436872734921e-05
Epoch 838, Loss: 4.512261966738151e-06
Epoch 839, Loss: 1.0250189916405361e-05
Epoch 840, Loss: 3.3238864034501603e-06
Epoch 841, Loss: 1.2468367458495777e-05
Epoch 842, Loss: 1.1008687579305843e-06
Epoch 843, Loss: 9.996154403779656e-06
Epoch 844, Loss: 3.167420800309628e-05
Epoch 845, Loss: 1.2565229553729296e-05
Epoch 846, Loss: 7.670052582398057e-06
Epoch 847, Loss: 2.228123958047945e-05
Epoch 848, Loss: 1.0931094038824085e-06
Epoch 849, Loss: 6.8478670982585754e-06
Epoch 850, Loss: 6.678595127596054e-06
Epoch 851, Loss: 7.335469490499236e-06
Epoch 852, Loss: 3.164570443914272e-05
Epoch 853, Loss: 2.9145056032575667e-05
Epoch 854, Loss: 2.973617665702477e-05
Epoch 855, Loss: 4.2958663470926695e-06
Epoch 856, Loss: 1.4799868949921802e-05
Epoch 857, Loss: 2.2365486074704677e-05
Epoch 858, Loss: 7.345761787291849e-06
Epoch 859, Loss: 5.883279754925752e-06
Epoch 860, Loss: 7.830888534954283e-06
Epoch 861, Loss: 1.7327660316368565e-05
Epoch 862, Loss: 9.593160939402878e-06
Epoch 863, Loss: 2.120210774592124e-05
Epoch 864, Loss: 1.5385125152533874e-05
Epoch 865, Loss: 1.32927543745609e-05
Epoch 866, Loss: 6.328658400889253e-06
Epoch 867, Loss: 1.156666530732764e-05
Epoch 868, Loss: 1.140737185778562e-05
Epoch 869, Loss: 1.0650427611835767e-05
Epoch 870, Loss: 1.808292836358305e-05
Epoch 871, Loss: 1.2129129572713282e-05
Epoch 872, Loss: 6.680494152533356e-06
Epoch 873, Loss: 8.214695299102459e-06
Epoch 874, Loss: 1.9176877685822546e-05
Epoch 875, Loss: 1.5420830095536076e-05
Epoch 876, Loss: 1.0458074939379003e-05
Epoch 877, Loss: 1.85074022738263e-05
Epoch 878, Loss: 1.7831356672104448e-05
Epoch 879, Loss: 1.2248283383087255e-05
Epoch 880, Loss: 1.1954626643273514e-05
Epoch 881, Loss: 9.60851593845291e-06
Epoch 882, Loss: 1.2836519090342335e-05
Epoch 883, Loss: 9.880890502245165e-06
Epoch 884, Loss: 9.295423296862282e-06
Epoch 885, Loss: 1.0685494999052025e-05
Epoch 886, Loss: 5.457920451590326e-06
Epoch 887, Loss: 8.32676869322313e-06
Epoch 888, Loss: 1.0738091987150256e-05
Epoch 889, Loss: 1.245220937562408e-05
Epoch 890, Loss: 4.358535534265684e-06
Epoch 891, Loss: 1.3217024388723075e-05
Epoch 892, Loss: 1.1040461686206982e-05
Epoch 893, Loss: 1.0598741937428713e-05
Epoch 894, Loss: 6.557687811437063e-06
Epoch 895, Loss: 1.3610148016596213e-05
Epoch 896, Loss: 6.958633093745448e-06
Epoch 897, Loss: 1.00176202977309e-05
Epoch 898, Loss: 1.3075183233013377e-05
Epoch 899, Loss: 7.736119187029544e-06
Epoch 900, Loss: 9.26952179725049e-06
Model saved at epoch 900: saved_models/epoch_900_model.pdparams
Epoch 901, Loss: 1.4657840438303538e-05
Epoch 902, Loss: 3.8265870898612775e-06
Epoch 903, Loss: 1.202836210723035e-05
Epoch 904, Loss: 2.641977152961772e-05
Epoch 905, Loss: 2.4513627067790367e-05
Epoch 906, Loss: 7.004547569522401e-06
Epoch 907, Loss: 6.053205197531497e-06
Epoch 908, Loss: 1.193760908790864e-05
Epoch 909, Loss: 1.9744729797821492e-05
Epoch 910, Loss: 8.183510544768069e-06
Epoch 911, Loss: 1.598517883394379e-05
Epoch 912, Loss: 2.233945815532934e-05
Epoch 913, Loss: 1.1795391401392408e-05
Epoch 914, Loss: 6.1811251725885086e-06
Epoch 915, Loss: 6.080560979171423e-06
Epoch 916, Loss: 6.551023943757173e-06
Epoch 917, Loss: 3.531619995555957e-06
Epoch 918, Loss: 1.6037771274568513e-05
Epoch 919, Loss: 3.4731747291516513e-06
Epoch 920, Loss: 5.29518683833885e-06
Epoch 921, Loss: 3.108823875663802e-06
Epoch 922, Loss: 4.621353127731709e-06
Epoch 923, Loss: 6.061965905246325e-06
Epoch 924, Loss: 1.7740907196639455e-06
Epoch 925, Loss: 3.7466174944711383e-06
Epoch 926, Loss: 1.5442043149960227e-05
Epoch 927, Loss: 3.34256174028269e-06
Epoch 928, Loss: 4.19688512920402e-06
Epoch 929, Loss: 9.754719030752312e-06
Epoch 930, Loss: 8.437900760327466e-06
Epoch 931, Loss: 4.5768915697408374e-06
Epoch 932, Loss: 8.664881534059532e-06
Epoch 933, Loss: 3.3000940220517805e-06
Epoch 934, Loss: 3.5167327041563112e-06
Epoch 935, Loss: 5.0981916501768865e-06
Epoch 936, Loss: 2.8576555450854357e-06
Epoch 937, Loss: 1.2933250218338799e-05
Epoch 938, Loss: 8.156185685948003e-06
Epoch 939, Loss: 2.9541176900238497e-06
Epoch 940, Loss: 3.337160478622536e-06
Epoch 941, Loss: 3.3987134884228e-06
Epoch 942, Loss: 2.2925814846530557e-06
Epoch 943, Loss: 2.852848865586566e-06
Epoch 944, Loss: 4.193203494651243e-06
Epoch 945, Loss: 5.213152689975686e-06
Epoch 946, Loss: 5.132443220645655e-06
Epoch 947, Loss: 1.246347983396845e-05
Epoch 948, Loss: 5.189991952647688e-06
Epoch 949, Loss: 4.867072220804403e-06
Epoch 950, Loss: 1.7486069054939435e-06
Epoch 951, Loss: 2.3573720682179555e-06
Epoch 952, Loss: 2.5678673409856856e-06
Epoch 953, Loss: 6.2776298364042304e-06
Epoch 954, Loss: 3.832546099147294e-06
Epoch 955, Loss: 8.371620424441062e-06
Epoch 956, Loss: 4.270661975169787e-06
Epoch 957, Loss: 7.917655238998123e-06
Epoch 958, Loss: 7.718553206359502e-06
Epoch 959, Loss: 4.938394340570085e-06
Epoch 960, Loss: 5.918369879509555e-06
Epoch 961, Loss: 3.964195457228925e-06
Epoch 962, Loss: 3.09303823087248e-06
Epoch 963, Loss: 2.5796753106988035e-06
Epoch 964, Loss: 2.7244652756053256e-06
Epoch 965, Loss: 2.3081311155692674e-06
Epoch 966, Loss: 1.7009133443934843e-06
Epoch 967, Loss: 2.6680449991545174e-06
Epoch 968, Loss: 5.62497780265403e-06
Epoch 969, Loss: 2.546797986724414e-06
Epoch 970, Loss: 1.961900579772191e-06
Epoch 971, Loss: 4.211840860079974e-06
Epoch 972, Loss: 1.4401679209186113e-06
Epoch 973, Loss: 1.3158061847207136e-05
Epoch 974, Loss: 4.375798653200036e-06
Epoch 975, Loss: 2.1344567358028144e-06
Epoch 976, Loss: 3.0205180792108877e-06
Epoch 977, Loss: 4.22577755898601e-07
Epoch 978, Loss: 4.341099611337995e-06
Epoch 979, Loss: 2.599154413474025e-06
Epoch 980, Loss: 4.762604930874659e-06
Epoch 981, Loss: 9.97112238110276e-06
Epoch 982, Loss: 4.1812700146692805e-06
Epoch 983, Loss: 3.592151870179805e-06
Epoch 984, Loss: 4.611944859789219e-06
Epoch 985, Loss: 5.432169473351678e-06
Epoch 986, Loss: 7.448641554219648e-06
Epoch 987, Loss: 7.446885319950525e-06
Epoch 988, Loss: 1.1067026207456365e-05
Epoch 989, Loss: 8.06842217571102e-06
Epoch 990, Loss: 2.434248017380014e-06
Epoch 991, Loss: 1.3591748938779347e-05
Epoch 992, Loss: 1.5557561710011214e-05
Epoch 993, Loss: 1.572801011207048e-05
Epoch 994, Loss: 1.3600797501567286e-05
Epoch 995, Loss: 7.888116670073941e-06
Epoch 996, Loss: 6.725580078636995e-06
Epoch 997, Loss: 6.23468213234446e-06
Epoch 998, Loss: 3.6709313917526742e-06
Epoch 999, Loss: 5.3037042562209535e-06
Epoch 1000, Loss: 1.3100861906423233e-06
Model saved at epoch 1000: saved_models/epoch_1000_model.pdparams
